<?xml version="1.0" encoding="UTF-8"?>
<!-- Generated by org.testng.reporters.JUnitReportReporter -->
<testsuite hostname="tubas-MBP.lan" name="com.qa.hotels.test.HotelsPageTest" tests="3" failures="0" timestamp="1 Aug 2020 03:15:31 GMT" time="105.939" errors="0">
  <testcase name="verifyTitle" time="14.771" classname="com.qa.hotels.test.HotelsPageTest"/>
  <testcase name="hotelList" time="91.056" classname="com.qa.hotels.test.HotelsPageTest"/>
  <testcase name="Star" time="0.112" classname="com.qa.hotels.test.HotelsPageTest"/>
</testsuite> <!-- com.qa.hotels.test.HotelsPageTest -->
