<?xml version="1.0" encoding="UTF-8"?>
<!-- Generated by org.testng.reporters.JUnitReportReporter -->
<testsuite hostname="tubas-MBP.lan" name="com.qa.hotels.test.HotelsPage4starTest" tests="5" failures="0" timestamp="1 Aug 2020 03:19:22 GMT" time="63.028" errors="0">
  <testcase name="verifyTitle" time="0.188" classname="com.qa.hotels.test.HotelsPage4starTest"/>
  <testcase name="click" time="0.087" classname="com.qa.hotels.test.HotelsPage4starTest"/>
  <testcase name="scrolldown" time="60.398" classname="com.qa.hotels.test.HotelsPage4starTest"/>
  <testcase name="clickdistance" time="1.930" classname="com.qa.hotels.test.HotelsPage4starTest"/>
  <testcase name="Hotels" time="0.425" classname="com.qa.hotels.test.HotelsPage4starTest"/>
</testsuite> <!-- com.qa.hotels.test.HotelsPage4starTest -->
