<?xml version="1.0" encoding="UTF-8"?>
<!-- Generated by org.testng.reporters.JUnitReportReporter -->
<testsuite hostname="tubas-MBP.lan" name="com.qa.hotels.test.HotelsPage3starTest" tests="5" failures="0" timestamp="1 Aug 2020 03:17:54 GMT" time="93.404" errors="0">
  <testcase name="Hotels" time="0.427" classname="com.qa.hotels.test.HotelsPage3starTest"/>
  <testcase name="click" time="0.115" classname="com.qa.hotels.test.HotelsPage3starTest"/>
  <testcase name="scrolldown" time="90.482" classname="com.qa.hotels.test.HotelsPage3starTest"/>
  <testcase name="clickdistance" time="2.068" classname="com.qa.hotels.test.HotelsPage3starTest"/>
  <testcase name="verifyTitle" time="0.312" classname="com.qa.hotels.test.HotelsPage3starTest"/>
</testsuite> <!-- com.qa.hotels.test.HotelsPage3starTest -->
