<?xml version="1.0" encoding="UTF-8"?>
<!-- Generated by org.testng.reporters.JUnitReportReporter -->
<testsuite hostname="tubas-MBP.lan" name="com.qa.hotels.test.HomePageTest" tests="2" failures="0" timestamp="3 Aug 2020 21:58:59 GMT" time="2.765" errors="0">
  <testcase name="verifyHomePageTitle" time="0.088" classname="com.qa.hotels.test.HomePageTest"/>
  <testcase name="destinationChoosing" time="2.677" classname="com.qa.hotels.test.HomePageTest"/>
</testsuite> <!-- com.qa.hotels.test.HomePageTest -->
